  [4;36;1mSQL (0.7ms)[0m   [0;1m SELECT name
 FROM sqlite_master
 WHERE type = 'table' AND NOT name = 'sqlite_sequence'
[0m
  [4;35;1mSQL (0.6ms)[0m   [0mSELECT version FROM schema_migrations[0m
Migrating to CreateRecipes (20100417153810)
Migrating to CreateIngredients (20100417153832)
Migrating to CreateMeals (20100417153847)
Migrating to CreateIngredientships (20100417155529)
Migrating to AddRecipeToMeal (20100417160001)
Migrating to AddBodyToRecipe (20100417160708)
Migrating to AddMealIdToRecipes (20100417214431)
Migrating to RemoveRecipeIdFromMeals (20100418133952)
Migrating to CreateUsers (20100421000826)
Migrating to AddUserIdToMeals (20100421004439)
Migrating to AddUserIdToRecipes (20100421004459)
Migrating to FixRecipeMealRelationship (20100424174623)
Migrating to AddIngredientsToRecipes (20100425152920)
Migrating to RenameBodyToDirections (20100425200026)
Migrating to AddYieldToRecipes (20100501132932)
Migrating to AddPrepTimeToRecipes (20100501133154)
Migrating to AddLinkToRecipes (20100501135835)
Migrating to AddRecipeIdToRecipes (20100508125549)
Migrating to RenamedRecipeIdToOriginalRecipeId (20100508125845)
Migrating to RemoveIngredients (20100509122529)
Migrating to CreateReviews (20100509123525)
Migrating to CreateFollowings (20100509223050)
  [4;36;1mSQL (0.1ms)[0m   [0;1mselect sqlite_version(*)[0m
  [4;35;1mSQL (0.6ms)[0m   [0mCREATE TABLE "followings" ("id" INTEGER PRIMARY KEY AUTOINCREMENT NOT NULL, "follower" integer, "followee" integer, "created_at" datetime, "updated_at" datetime) [0m
  [4;36;1mSQL (0.1ms)[0m   [0;1mINSERT INTO schema_migrations (version) VALUES ('20100509223050')[0m
  [4;35;1mSQL (0.3ms)[0m   [0m SELECT name
 FROM sqlite_master
 WHERE type = 'table' AND NOT name = 'sqlite_sequence'
[0m
  [4;36;1mSQL (0.6ms)[0m   [0;1mSELECT version FROM schema_migrations[0m
  [4;35;1mSQL (0.2ms)[0m   [0m SELECT name
 FROM sqlite_master
 WHERE type = 'table' AND NOT name = 'sqlite_sequence'
[0m
  [4;36;1mSQL (0.0ms)[0m   [0;1mPRAGMA index_list("followings")[0m
  [4;35;1mSQL (0.0ms)[0m   [0mPRAGMA index_list("meals")[0m
  [4;36;1mSQL (0.0ms)[0m   [0;1mPRAGMA index_list("recipes")[0m
  [4;35;1mSQL (0.0ms)[0m   [0mPRAGMA index_list("reviews")[0m
  [4;36;1mSQL (0.0ms)[0m   [0;1mPRAGMA index_list("users")[0m
  [4;36;1mUser Load (0.6ms)[0m   [0;1mSELECT * FROM "users" LIMIT 1[0m
  [4;35;1mUser Load (0.4ms)[0m   [0mSELECT * FROM "users" LIMIT 1[0m
  [4;36;1mUser Load (0.6ms)[0m   [0;1mSELECT * FROM "users" LIMIT 1[0m
  [4;36;1mUser Load (0.6ms)[0m   [0;1mSELECT * FROM "users" LIMIT 1[0m
  [4;36;1mUser Load (0.6ms)[0m   [0;1mSELECT * FROM "users" LIMIT 1[0m
  [4;36;1mUser Load (0.6ms)[0m   [0;1mSELECT * FROM "users" LIMIT 1[0m
  [4;36;1mSQL (0.6ms)[0m   [0;1m SELECT name
 FROM sqlite_master
 WHERE type = 'table' AND NOT name = 'sqlite_sequence'
[0m
  [4;35;1mSQL (0.6ms)[0m   [0mSELECT version FROM schema_migrations[0m
  [4;36;1mSQL (0.2ms)[0m   [0;1m SELECT name
 FROM sqlite_master
 WHERE type = 'table' AND NOT name = 'sqlite_sequence'
[0m
  [4;35;1mSQL (0.6ms)[0m   [0mSELECT version FROM schema_migrations[0m
Migrating to CreateFollowings (20100509223050)
  [4;36;1mSQL (0.1ms)[0m   [0;1mselect sqlite_version(*)[0m
  [4;35;1mSQL (0.6ms)[0m   [0mDROP TABLE "followings"[0m
  [4;36;1mSQL (0.1ms)[0m   [0;1mDELETE FROM schema_migrations WHERE version = '20100509223050'[0m
  [4;35;1mSQL (0.3ms)[0m   [0m SELECT name
 FROM sqlite_master
 WHERE type = 'table' AND NOT name = 'sqlite_sequence'
[0m
  [4;36;1mSQL (0.6ms)[0m   [0;1mSELECT version FROM schema_migrations[0m
  [4;35;1mSQL (0.2ms)[0m   [0m SELECT name
 FROM sqlite_master
 WHERE type = 'table' AND NOT name = 'sqlite_sequence'
[0m
  [4;36;1mSQL (0.0ms)[0m   [0;1mPRAGMA index_list("meals")[0m
  [4;35;1mSQL (0.0ms)[0m   [0mPRAGMA index_list("recipes")[0m
  [4;36;1mSQL (0.0ms)[0m   [0;1mPRAGMA index_list("reviews")[0m
  [4;35;1mSQL (0.0ms)[0m   [0mPRAGMA index_list("users")[0m
  [4;36;1mSQL (0.5ms)[0m   [0;1m SELECT name
 FROM sqlite_master
 WHERE type = 'table' AND NOT name = 'sqlite_sequence'
[0m
  [4;35;1mSQL (0.5ms)[0m   [0mSELECT version FROM schema_migrations[0m
Migrating to CreateRecipes (20100417153810)
Migrating to CreateIngredients (20100417153832)
Migrating to CreateMeals (20100417153847)
Migrating to CreateIngredientships (20100417155529)
Migrating to AddRecipeToMeal (20100417160001)
Migrating to AddBodyToRecipe (20100417160708)
Migrating to AddMealIdToRecipes (20100417214431)
Migrating to RemoveRecipeIdFromMeals (20100418133952)
Migrating to CreateUsers (20100421000826)
Migrating to AddUserIdToMeals (20100421004439)
Migrating to AddUserIdToRecipes (20100421004459)
Migrating to FixRecipeMealRelationship (20100424174623)
Migrating to AddIngredientsToRecipes (20100425152920)
Migrating to RenameBodyToDirections (20100425200026)
Migrating to AddYieldToRecipes (20100501132932)
Migrating to AddPrepTimeToRecipes (20100501133154)
Migrating to AddLinkToRecipes (20100501135835)
Migrating to AddRecipeIdToRecipes (20100508125549)
Migrating to RenamedRecipeIdToOriginalRecipeId (20100508125845)
Migrating to RemoveIngredients (20100509122529)
Migrating to CreateReviews (20100509123525)
Migrating to CreateFollowings (20100509223050)
  [4;36;1mSQL (0.2ms)[0m   [0;1mselect sqlite_version(*)[0m
  [4;35;1mSQL (0.6ms)[0m   [0mCREATE TABLE "followings" ("id" INTEGER PRIMARY KEY AUTOINCREMENT NOT NULL, "follower_id" integer, "followee_id" integer, "created_at" datetime, "updated_at" datetime) [0m
  [4;36;1mSQL (0.1ms)[0m   [0;1mINSERT INTO schema_migrations (version) VALUES ('20100509223050')[0m
  [4;35;1mSQL (0.4ms)[0m   [0m SELECT name
 FROM sqlite_master
 WHERE type = 'table' AND NOT name = 'sqlite_sequence'
[0m
  [4;36;1mSQL (0.6ms)[0m   [0;1mSELECT version FROM schema_migrations[0m
  [4;35;1mSQL (0.3ms)[0m   [0m SELECT name
 FROM sqlite_master
 WHERE type = 'table' AND NOT name = 'sqlite_sequence'
[0m
  [4;36;1mSQL (0.0ms)[0m   [0;1mPRAGMA index_list("followings")[0m
  [4;35;1mSQL (0.0ms)[0m   [0mPRAGMA index_list("meals")[0m
  [4;36;1mSQL (0.0ms)[0m   [0;1mPRAGMA index_list("recipes")[0m
  [4;35;1mSQL (0.0ms)[0m   [0mPRAGMA index_list("reviews")[0m
  [4;36;1mSQL (0.0ms)[0m   [0;1mPRAGMA index_list("users")[0m
  [4;36;1mSQL (0.6ms)[0m   [0;1m SELECT name
 FROM sqlite_master
 WHERE type = 'table' AND NOT name = 'sqlite_sequence'
[0m
  [4;36;1mSQL (0.6ms)[0m   [0;1m SELECT name
 FROM sqlite_master
 WHERE type = 'table' AND NOT name = 'sqlite_sequence'
[0m
  [4;35;1mUser Load (0.3ms)[0m   [0mSELECT * FROM "users" LIMIT 1[0m
  [4;36;1mUser Load (0.3ms)[0m   [0;1mSELECT * FROM "users" LIMIT 1[0m
  [4;35;1mUser Load (0.4ms)[0m   [0mSELECT * FROM "users" LIMIT 1[0m
  [4;36;1mUser Load (0.5ms)[0m   [0;1mSELECT * FROM "users" LIMIT 1[0m
  [4;35;1mFollowing Load (0.0ms)[0m   [0mSQLite3::SQLException: no such column: followings.user_id: SELECT * FROM "followings" WHERE ("followings".user_id = 1) [0m
  [4;36;1mUser Load (0.6ms)[0m   [0;1mSELECT * FROM "users" LIMIT 1[0m
  [4;35;1mUser Load (0.3ms)[0m   [0mSELECT * FROM "users" LIMIT 1[0m
  [4;36;1mUser Load (0.4ms)[0m   [0;1mSELECT * FROM "users" LIMIT 1[0m
  [4;35;1mFollowing Load (0.0ms)[0m   [0mSQLite3::SQLException: no such column: followings.user_id: SELECT * FROM "followings" WHERE ("followings".user_id = 1) [0m
  [4;36;1mUser Load (0.6ms)[0m   [0;1mSELECT * FROM "users" LIMIT 1[0m
  [4;35;1mFollowing Load (0.0ms)[0m   [0mSQLite3::SQLException: no such column: followings.user_id: SELECT * FROM "followings" WHERE ("followings".user_id = 1) [0m
  [4;36;1mSQL (0.6ms)[0m   [0;1m SELECT name
 FROM sqlite_master
 WHERE type = 'table' AND NOT name = 'sqlite_sequence'
[0m
  [4;35;1mSQL (0.5ms)[0m   [0mSELECT version FROM schema_migrations[0m
  [4;36;1mSQL (0.2ms)[0m   [0;1m SELECT name
 FROM sqlite_master
 WHERE type = 'table' AND NOT name = 'sqlite_sequence'
[0m
  [4;35;1mSQL (0.6ms)[0m   [0mSELECT version FROM schema_migrations[0m
Migrating to CreateFollowings (20100509223050)
  [4;36;1mSQL (0.1ms)[0m   [0;1mselect sqlite_version(*)[0m
  [4;35;1mSQL (0.6ms)[0m   [0mDROP TABLE "followings"[0m
  [4;36;1mSQL (0.1ms)[0m   [0;1mDELETE FROM schema_migrations WHERE version = '20100509223050'[0m
  [4;35;1mSQL (0.3ms)[0m   [0m SELECT name
 FROM sqlite_master
 WHERE type = 'table' AND NOT name = 'sqlite_sequence'
[0m
  [4;36;1mSQL (0.5ms)[0m   [0;1mSELECT version FROM schema_migrations[0m
  [4;35;1mSQL (0.3ms)[0m   [0m SELECT name
 FROM sqlite_master
 WHERE type = 'table' AND NOT name = 'sqlite_sequence'
[0m
  [4;36;1mSQL (0.1ms)[0m   [0;1mPRAGMA index_list("meals")[0m
  [4;35;1mSQL (0.0ms)[0m   [0mPRAGMA index_list("recipes")[0m
  [4;36;1mSQL (0.0ms)[0m   [0;1mPRAGMA index_list("reviews")[0m
  [4;35;1mSQL (0.0ms)[0m   [0mPRAGMA index_list("users")[0m
  [4;36;1mSQL (0.6ms)[0m   [0;1m SELECT name
 FROM sqlite_master
 WHERE type = 'table' AND NOT name = 'sqlite_sequence'
[0m
  [4;35;1mSQL (0.5ms)[0m   [0mSELECT version FROM schema_migrations[0m
Migrating to CreateRecipes (20100417153810)
Migrating to CreateIngredients (20100417153832)
Migrating to CreateMeals (20100417153847)
Migrating to CreateIngredientships (20100417155529)
Migrating to AddRecipeToMeal (20100417160001)
Migrating to AddBodyToRecipe (20100417160708)
Migrating to AddMealIdToRecipes (20100417214431)
Migrating to RemoveRecipeIdFromMeals (20100418133952)
Migrating to CreateUsers (20100421000826)
Migrating to AddUserIdToMeals (20100421004439)
Migrating to AddUserIdToRecipes (20100421004459)
Migrating to FixRecipeMealRelationship (20100424174623)
Migrating to AddIngredientsToRecipes (20100425152920)
Migrating to RenameBodyToDirections (20100425200026)
Migrating to AddYieldToRecipes (20100501132932)
Migrating to AddPrepTimeToRecipes (20100501133154)
Migrating to AddLinkToRecipes (20100501135835)
Migrating to AddRecipeIdToRecipes (20100508125549)
Migrating to RenamedRecipeIdToOriginalRecipeId (20100508125845)
Migrating to RemoveIngredients (20100509122529)
Migrating to CreateReviews (20100509123525)
Migrating to CreateFollowings (20100509223050)
  [4;36;1mSQL (0.1ms)[0m   [0;1mselect sqlite_version(*)[0m
  [4;35;1mSQL (0.6ms)[0m   [0mCREATE TABLE "followings" ("id" INTEGER PRIMARY KEY AUTOINCREMENT NOT NULL, "user_id" integer, "followee_id" integer, "created_at" datetime, "updated_at" datetime) [0m
  [4;36;1mSQL (0.1ms)[0m   [0;1mINSERT INTO schema_migrations (version) VALUES ('20100509223050')[0m
  [4;35;1mSQL (0.4ms)[0m   [0m SELECT name
 FROM sqlite_master
 WHERE type = 'table' AND NOT name = 'sqlite_sequence'
[0m
  [4;36;1mSQL (0.6ms)[0m   [0;1mSELECT version FROM schema_migrations[0m
  [4;35;1mSQL (0.3ms)[0m   [0m SELECT name
 FROM sqlite_master
 WHERE type = 'table' AND NOT name = 'sqlite_sequence'
[0m
  [4;36;1mSQL (0.0ms)[0m   [0;1mPRAGMA index_list("followings")[0m
  [4;35;1mSQL (0.0ms)[0m   [0mPRAGMA index_list("meals")[0m
  [4;36;1mSQL (0.0ms)[0m   [0;1mPRAGMA index_list("recipes")[0m
  [4;35;1mSQL (0.0ms)[0m   [0mPRAGMA index_list("reviews")[0m
  [4;36;1mSQL (0.0ms)[0m   [0;1mPRAGMA index_list("users")[0m
  [4;36;1mUser Load (0.0ms)[0m   [0;1mSQLite3::SQLException: database schema has changed: SELECT * FROM "users" LIMIT 1[0m
  [4;35;1mUser Load (0.6ms)[0m   [0mSELECT * FROM "users" LIMIT 1[0m
  [4;36;1mUser Load (0.6ms)[0m   [0;1mSELECT * FROM "users" LIMIT 1[0m
  [4;35;1mUser Load (0.3ms)[0m   [0mSELECT * FROM "users" LIMIT 1[0m
  [4;36;1mFollowing Load (0.2ms)[0m   [0;1mSELECT * FROM "followings" WHERE ("followings".user_id = 1) [0m
  [4;35;1mUser Load (0.3ms)[0m   [0mSELECT * FROM "users" LIMIT 1[0m
  [4;36;1mUser Load (0.6ms)[0m   [0;1mSELECT * FROM "users" LIMIT 1[0m
  [4;35;1mUser Load (0.4ms)[0m   [0mSELECT * FROM "users" LIMIT 1[0m
  [4;36;1mSQL (0.4ms)[0m   [0;1m SELECT name
 FROM sqlite_master
 WHERE type = 'table' AND NOT name = 'sqlite_sequence'
[0m
  [4;36;1mUser Load (0.6ms)[0m   [0;1mSELECT * FROM "users" LIMIT 1[0m
  [4;35;1mUser Load (0.3ms)[0m   [0mSELECT * FROM "users" LIMIT 1[0m
  [4;36;1mFollowing Load (0.2ms)[0m   [0;1mSELECT * FROM "followings" WHERE ("followings".user_id = 1) [0m
  [4;35;1mUser Load (0.4ms)[0m   [0mSELECT * FROM "users" LIMIT 1[0m
  [4;36;1mUser Load (0.6ms)[0m   [0;1mSELECT * FROM "users" LIMIT 1[0m
  [4;35;1mUser Load (0.2ms)[0m   [0mSELECT "users".* FROM "users" INNER JOIN "followings" ON "users".id = "followings".followee_id WHERE (("followings".user_id = 1)) [0m
  [4;36;1mUser Load (0.4ms)[0m   [0;1mSELECT * FROM "users" LIMIT 1[0m
  [4;35;1mFollowing Load (0.1ms)[0m   [0mSELECT * FROM "followings" WHERE ("followings".user_id = 1) [0m
  [4;36;1mSQL (0.6ms)[0m   [0;1m SELECT name
 FROM sqlite_master
 WHERE type = 'table' AND NOT name = 'sqlite_sequence'
[0m
  [4;35;1mSQL (0.5ms)[0m   [0mSELECT version FROM schema_migrations[0m
  [4;36;1mSQL (0.3ms)[0m   [0;1m SELECT name
 FROM sqlite_master
 WHERE type = 'table' AND NOT name = 'sqlite_sequence'
[0m
  [4;35;1mSQL (0.6ms)[0m   [0mSELECT version FROM schema_migrations[0m
Migrating to CreateFollowings (20100509223050)
  [4;36;1mSQL (0.1ms)[0m   [0;1mselect sqlite_version(*)[0m
  [4;35;1mSQL (0.5ms)[0m   [0mDROP TABLE "followings"[0m
  [4;36;1mSQL (0.1ms)[0m   [0;1mDELETE FROM schema_migrations WHERE version = '20100509223050'[0m
  [4;35;1mSQL (3.4ms)[0m   [0m SELECT name
 FROM sqlite_master
 WHERE type = 'table' AND NOT name = 'sqlite_sequence'
[0m
  [4;36;1mSQL (0.7ms)[0m   [0;1mSELECT version FROM schema_migrations[0m
  [4;35;1mSQL (0.3ms)[0m   [0m SELECT name
 FROM sqlite_master
 WHERE type = 'table' AND NOT name = 'sqlite_sequence'
[0m
  [4;36;1mSQL (0.1ms)[0m   [0;1mPRAGMA index_list("meals")[0m
  [4;35;1mSQL (0.0ms)[0m   [0mPRAGMA index_list("recipes")[0m
  [4;36;1mSQL (0.0ms)[0m   [0;1mPRAGMA index_list("reviews")[0m
  [4;35;1mSQL (0.0ms)[0m   [0mPRAGMA index_list("users")[0m
  [4;36;1mSQL (0.6ms)[0m   [0;1m SELECT name
 FROM sqlite_master
 WHERE type = 'table' AND NOT name = 'sqlite_sequence'
[0m
  [4;35;1mSQL (0.6ms)[0m   [0mSELECT version FROM schema_migrations[0m
Migrating to CreateRecipes (20100417153810)
Migrating to CreateIngredients (20100417153832)
Migrating to CreateMeals (20100417153847)
Migrating to CreateIngredientships (20100417155529)
Migrating to AddRecipeToMeal (20100417160001)
Migrating to AddBodyToRecipe (20100417160708)
Migrating to AddMealIdToRecipes (20100417214431)
Migrating to RemoveRecipeIdFromMeals (20100418133952)
Migrating to CreateUsers (20100421000826)
Migrating to AddUserIdToMeals (20100421004439)
Migrating to AddUserIdToRecipes (20100421004459)
Migrating to FixRecipeMealRelationship (20100424174623)
Migrating to AddIngredientsToRecipes (20100425152920)
Migrating to RenameBodyToDirections (20100425200026)
Migrating to AddYieldToRecipes (20100501132932)
Migrating to AddPrepTimeToRecipes (20100501133154)
Migrating to AddLinkToRecipes (20100501135835)
Migrating to AddRecipeIdToRecipes (20100508125549)
Migrating to RenamedRecipeIdToOriginalRecipeId (20100508125845)
Migrating to RemoveIngredients (20100509122529)
Migrating to CreateReviews (20100509123525)
Migrating to CreateFollowings (20100509223050)
  [4;36;1mSQL (0.1ms)[0m   [0;1mselect sqlite_version(*)[0m
  [4;35;1mSQL (0.6ms)[0m   [0mCREATE TABLE "followings" ("id" INTEGER PRIMARY KEY AUTOINCREMENT NOT NULL, "follower_id" integer, "followee_id" integer, "created_at" datetime, "updated_at" datetime) [0m
  [4;36;1mSQL (0.1ms)[0m   [0;1mINSERT INTO schema_migrations (version) VALUES ('20100509223050')[0m
  [4;35;1mSQL (0.4ms)[0m   [0m SELECT name
 FROM sqlite_master
 WHERE type = 'table' AND NOT name = 'sqlite_sequence'
[0m
  [4;36;1mSQL (0.5ms)[0m   [0;1mSELECT version FROM schema_migrations[0m
  [4;35;1mSQL (0.3ms)[0m   [0m SELECT name
 FROM sqlite_master
 WHERE type = 'table' AND NOT name = 'sqlite_sequence'
[0m
  [4;36;1mSQL (0.0ms)[0m   [0;1mPRAGMA index_list("followings")[0m
  [4;35;1mSQL (0.0ms)[0m   [0mPRAGMA index_list("meals")[0m
  [4;36;1mSQL (0.0ms)[0m   [0;1mPRAGMA index_list("recipes")[0m
  [4;35;1mSQL (0.0ms)[0m   [0mPRAGMA index_list("reviews")[0m
  [4;36;1mSQL (0.0ms)[0m   [0;1mPRAGMA index_list("users")[0m
  [4;36;1mSQL (1.2ms)[0m   [0;1m SELECT name
 FROM sqlite_master
 WHERE type = 'table' AND NOT name = 'sqlite_sequence'
[0m
  [4;35;1mUser Load (0.4ms)[0m   [0mSELECT * FROM "users" LIMIT 1[0m
  [4;36;1mFollowing Load (0.0ms)[0m   [0;1mSQLite3::SQLException: no such column: followings.user_id: SELECT * FROM "followings" WHERE ("followings".user_id = 1) [0m
  [4;36;1mUser Load (0.6ms)[0m   [0;1mSELECT * FROM "users" LIMIT 1[0m
  [4;35;1mFollowing Load (0.0ms)[0m   [0mSQLite3::SQLException: no such column: followings.user_id: SELECT * FROM "followings" WHERE ("followings".user_id = 1) [0m
  [4;36;1mUser Load (0.4ms)[0m   [0;1mSELECT * FROM "users" LIMIT 1[0m
  [4;35;1mUser Load (0.0ms)[0m   [0mSQLite3::SQLException: no such column: followings.user_id: SELECT "users".* FROM "users" INNER JOIN "followings" ON "users".id = "followings".followee_id WHERE (("followings".user_id = 1)) [0m
  [4;36;1mUser Load (0.4ms)[0m   [0;1mSELECT * FROM "users" LIMIT 1[0m
  [4;35;1mUser Load (0.0ms)[0m   [0mSQLite3::SQLException: no such column: followings.user_id: SELECT "users".* FROM "users" INNER JOIN "followings" ON "users".id = "followings".follower_id WHERE (("followings".user_id = 1)) [0m
  [4;36;1mSQL (0.5ms)[0m   [0;1m SELECT name
 FROM sqlite_master
 WHERE type = 'table' AND NOT name = 'sqlite_sequence'
[0m
  [4;36;1mSQL (0.6ms)[0m   [0;1m SELECT name
 FROM sqlite_master
 WHERE type = 'table' AND NOT name = 'sqlite_sequence'
[0m
  [4;35;1mSQL (0.5ms)[0m   [0mSELECT version FROM schema_migrations[0m
  [4;36;1mSQL (0.2ms)[0m   [0;1m SELECT name
 FROM sqlite_master
 WHERE type = 'table' AND NOT name = 'sqlite_sequence'
[0m
  [4;35;1mSQL (0.6ms)[0m   [0mSELECT version FROM schema_migrations[0m
Migrating to CreateFollowings (20100509223050)
  [4;36;1mSQL (0.1ms)[0m   [0;1mselect sqlite_version(*)[0m
  [4;35;1mSQL (0.6ms)[0m   [0mDROP TABLE "followings"[0m
  [4;36;1mSQL (0.1ms)[0m   [0;1mDELETE FROM schema_migrations WHERE version = '20100509223050'[0m
  [4;35;1mSQL (0.6ms)[0m   [0m SELECT name
 FROM sqlite_master
 WHERE type = 'table' AND NOT name = 'sqlite_sequence'
[0m
  [4;36;1mSQL (0.5ms)[0m   [0;1mSELECT version FROM schema_migrations[0m
  [4;35;1mSQL (0.2ms)[0m   [0m SELECT name
 FROM sqlite_master
 WHERE type = 'table' AND NOT name = 'sqlite_sequence'
[0m
  [4;36;1mSQL (0.0ms)[0m   [0;1mPRAGMA index_list("meals")[0m
  [4;35;1mSQL (0.0ms)[0m   [0mPRAGMA index_list("recipes")[0m
  [4;36;1mSQL (0.0ms)[0m   [0;1mPRAGMA index_list("reviews")[0m
  [4;35;1mSQL (0.0ms)[0m   [0mPRAGMA index_list("users")[0m
  [4;36;1mSQL (0.5ms)[0m   [0;1m SELECT name
 FROM sqlite_master
 WHERE type = 'table' AND NOT name = 'sqlite_sequence'
[0m
  [4;35;1mSQL (0.5ms)[0m   [0mSELECT version FROM schema_migrations[0m
Migrating to CreateRecipes (20100417153810)
Migrating to CreateIngredients (20100417153832)
Migrating to CreateMeals (20100417153847)
Migrating to CreateIngredientships (20100417155529)
Migrating to AddRecipeToMeal (20100417160001)
Migrating to AddBodyToRecipe (20100417160708)
Migrating to AddMealIdToRecipes (20100417214431)
Migrating to RemoveRecipeIdFromMeals (20100418133952)
Migrating to CreateUsers (20100421000826)
Migrating to AddUserIdToMeals (20100421004439)
Migrating to AddUserIdToRecipes (20100421004459)
Migrating to FixRecipeMealRelationship (20100424174623)
Migrating to AddIngredientsToRecipes (20100425152920)
Migrating to RenameBodyToDirections (20100425200026)
Migrating to AddYieldToRecipes (20100501132932)
Migrating to AddPrepTimeToRecipes (20100501133154)
Migrating to AddLinkToRecipes (20100501135835)
Migrating to AddRecipeIdToRecipes (20100508125549)
Migrating to RenamedRecipeIdToOriginalRecipeId (20100508125845)
Migrating to RemoveIngredients (20100509122529)
Migrating to CreateReviews (20100509123525)
Migrating to CreateFollowings (20100509223050)
  [4;36;1mSQL (0.1ms)[0m   [0;1mselect sqlite_version(*)[0m
  [4;35;1mSQL (0.7ms)[0m   [0mCREATE TABLE "followings" ("id" INTEGER PRIMARY KEY AUTOINCREMENT NOT NULL, "user_id" integer, "followee_id" integer, "created_at" datetime, "updated_at" datetime) [0m
  [4;36;1mSQL (0.1ms)[0m   [0;1mINSERT INTO schema_migrations (version) VALUES ('20100509223050')[0m
  [4;35;1mSQL (0.8ms)[0m   [0m SELECT name
 FROM sqlite_master
 WHERE type = 'table' AND NOT name = 'sqlite_sequence'
[0m
  [4;36;1mSQL (0.7ms)[0m   [0;1mSELECT version FROM schema_migrations[0m
  [4;35;1mSQL (0.3ms)[0m   [0m SELECT name
 FROM sqlite_master
 WHERE type = 'table' AND NOT name = 'sqlite_sequence'
[0m
  [4;36;1mSQL (0.0ms)[0m   [0;1mPRAGMA index_list("followings")[0m
  [4;35;1mSQL (0.0ms)[0m   [0mPRAGMA index_list("meals")[0m
  [4;36;1mSQL (0.0ms)[0m   [0;1mPRAGMA index_list("recipes")[0m
  [4;35;1mSQL (0.0ms)[0m   [0mPRAGMA index_list("reviews")[0m
  [4;36;1mSQL (0.0ms)[0m   [0;1mPRAGMA index_list("users")[0m
  [4;36;1mSQL (0.6ms)[0m   [0;1m SELECT name
 FROM sqlite_master
 WHERE type = 'table' AND NOT name = 'sqlite_sequence'
[0m
  [4;35;1mUser Load (0.3ms)[0m   [0mSELECT * FROM "users" LIMIT 1[0m
  [4;36;1mFollowing Load (0.2ms)[0m   [0;1mSELECT * FROM "followings" WHERE ("followings".user_id = 1) [0m
  [4;35;1mUser Load (0.4ms)[0m   [0mSELECT * FROM "users" LIMIT 1[0m
  [4;36;1mUser Load (0.1ms)[0m   [0;1mSELECT "users".* FROM "users" INNER JOIN "followings" ON "users".id = "followings".followee_id WHERE (("followings".user_id = 1)) [0m
